0 info it worked if it ends with ok
1 verbose cli [ 'node', '/usr/local/bin/npm', 'install', 'dgram' ]
2 info using npm@1.4.28
3 info using node@v0.10.32
4 verbose cache add [ 'dgram', null ]
5 verbose cache add name=undefined spec="dgram" args=["dgram",null]
6 verbose parsed url { protocol: null,
6 verbose parsed url   slashes: null,
6 verbose parsed url   auth: null,
6 verbose parsed url   host: null,
6 verbose parsed url   port: null,
6 verbose parsed url   hostname: null,
6 verbose parsed url   hash: null,
6 verbose parsed url   search: null,
6 verbose parsed url   query: null,
6 verbose parsed url   pathname: 'dgram',
6 verbose parsed url   path: 'dgram',
6 verbose parsed url   href: 'dgram' }
7 silly lockFile 2ef82937-dgram dgram
8 verbose lock dgram /Users/michaelgarrido/.npm/2ef82937-dgram.lock
9 silly lockFile 2ef82937-dgram dgram
10 silly lockFile 2ef82937-dgram dgram
11 verbose addNamed [ 'dgram', '' ]
12 verbose addNamed [ null, '*' ]
13 silly lockFile bd8d1382-dgram dgram@
14 verbose lock dgram@ /Users/michaelgarrido/.npm/bd8d1382-dgram.lock
15 silly addNameRange { name: 'dgram', range: '*', hasData: false }
16 verbose request where is /dgram
17 verbose request registry https://registry.npmjs.org/
18 verbose request id cf89d42297989b82
19 verbose url raw /dgram
20 verbose url resolving [ 'https://registry.npmjs.org/', './dgram' ]
21 verbose url resolved https://registry.npmjs.org/dgram
22 verbose request where is https://registry.npmjs.org/dgram
23 info trying registry request attempt 1 at 19:47:28
24 http GET https://registry.npmjs.org/dgram
25 http 404 https://registry.npmjs.org/dgram
26 verbose headers { date: 'Tue, 27 Jan 2015 03:47:28 GMT',
26 verbose headers   server: 'CouchDB/1.5.0 (Erlang OTP/R16B03)',
26 verbose headers   'content-type': 'application/json',
26 verbose headers   'cache-control': 'max-age=0',
26 verbose headers   'content-length': '52',
26 verbose headers   'accept-ranges': 'bytes',
26 verbose headers   via: '1.1 varnish',
26 verbose headers   age: '0',
26 verbose headers   'x-served-by': 'cache-ord1734-ORD',
26 verbose headers   'x-cache': 'MISS',
26 verbose headers   'x-cache-hits': '0',
26 verbose headers   'x-timer': 'S1422330448.573379,VS0,VE273',
26 verbose headers   'keep-alive': 'timeout=10, max=50',
26 verbose headers   connection: 'Keep-Alive' }
27 silly registry.get cb [ 404,
27 silly registry.get   { date: 'Tue, 27 Jan 2015 03:47:28 GMT',
27 silly registry.get     server: 'CouchDB/1.5.0 (Erlang OTP/R16B03)',
27 silly registry.get     'content-type': 'application/json',
27 silly registry.get     'cache-control': 'max-age=0',
27 silly registry.get     'content-length': '52',
27 silly registry.get     'accept-ranges': 'bytes',
27 silly registry.get     via: '1.1 varnish',
27 silly registry.get     age: '0',
27 silly registry.get     'x-served-by': 'cache-ord1734-ORD',
27 silly registry.get     'x-cache': 'MISS',
27 silly registry.get     'x-cache-hits': '0',
27 silly registry.get     'x-timer': 'S1422330448.573379,VS0,VE273',
27 silly registry.get     'keep-alive': 'timeout=10, max=50',
27 silly registry.get     connection: 'Keep-Alive' } ]
28 silly lockFile bd8d1382-dgram dgram@
29 silly lockFile bd8d1382-dgram dgram@
30 error 404 404 Not Found: dgram
30 error 404
30 error 404 'dgram' is not in the npm registry.
30 error 404 You should bug the author to publish it
30 error 404
30 error 404 Note that you can also install from a
30 error 404 tarball, folder, or http url, or git url.
31 error System Darwin 13.4.0
32 error command "node" "/usr/local/bin/npm" "install" "dgram"
33 error cwd /Users/michaelgarrido/desktop-app/server/udp
34 error node -v v0.10.32
35 error npm -v 1.4.28
36 error code E404
37 verbose exit [ 1, true ]
